<?xml version="1.0" encoding="UTF-8"?>
<!-- Generated by org.testng.reporters.JUnitReportReporter -->
<testsuite hostname="krishnaaneel" failures="0" tests="1" name="scrips.Testcase3" time="40.239" errors="0" timestamp="2023-01-10T22:05:43 IST" skipped="0">
  <testcase classname="scrips.Testcase3" name="tc3" time="40.239"/>
  <system-out/>
</testsuite> <!-- scrips.Testcase3 -->
