<?xml version="1.0" encoding="UTF-8"?>
<!-- Generated by org.testng.reporters.JUnitReportReporter -->
<testsuite hostname="krishnaaneel" failures="0" tests="1" name="scrips.Testcase2" time="9.345" errors="0" timestamp="2023-01-10T22:04:57 IST" skipped="0">
  <testcase classname="scrips.Testcase2" name="tc2" time="9.345"/>
  <system-out/>
</testsuite> <!-- scrips.Testcase2 -->
