<?xml version="1.0" encoding="UTF-8"?>
<!-- Generated by org.testng.reporters.JUnitReportReporter -->
<testsuite hostname="krishnaaneel" failures="0" tests="1" name="scrips.Testcase1" time="13.274" errors="0" timestamp="2023-02-28T17:24:45 IST" skipped="0">
  <testcase classname="scrips.Testcase1" name="tc1" time="13.274"/>
  <system-out/>
</testsuite> <!-- scrips.Testcase1 -->
